<?xml version="1.0" encoding="UTF-8"?>
<!-- Generated by org.testng.reporters.JUnitXMLReporter -->
<testsuite ignored="0" hostname="a-kapranchuk-pc" failures="0" tests="2" name="Command line test" time="0.042" errors="0" timestamp="2020-12-24T14:58:43 EET">
  <testcase classname="tests.HomePageTest" name="@BeforeTest initialization" time="0.007">
    <failure type="java.lang.NullPointerException" message="Cannot invoke &amp;quot;String.equals(Object)&amp;quot; because &amp;quot;browserName&amp;quot; is null">
      <![CDATA[java.lang.NullPointerException: Cannot invoke "String.equals(Object)" because "browserName" is null
at tests.HomePageTest.initialization(HomePageTest.java:66)
... Removed 33 stack frames]]>
    </failure>
  </testcase> <!-- @BeforeTest initialization -->
  <testcase classname="tests.HomePageTest" name="@AfterTest quit" time="-1.608814723494E9">
    <skipped/>
  </testcase> <!-- @AfterTest quit -->
  <testcase classname="tests.HomePageTest" name="test1" time="0.0">
    <skipped/>
  </testcase> <!-- test1 -->
  <testcase classname="tests.HomePageTest" name="test2" time="0.0">
    <skipped/>
  </testcase> <!-- test2 -->
</testsuite> <!-- Command line test -->
