<?xml version="1.0" encoding="UTF-8"?>
<testng-results ignored="0" total="2" passed="2" failed="0" skipped="0">
  <reporter-output>
  </reporter-output>
  <suite started-at="2020-12-11T12:46:27 EET" name="TestEmployeeDetails" finished-at="2020-12-11T12:46:27 EET" duration-ms="36">
    <groups>
    </groups>
    <test started-at="2020-12-11T12:46:27 EET" name="Command line test" finished-at="2020-12-11T12:46:27 EET" duration-ms="36">
      <class name="TestEmployeeDetails">
        <test-method signature="testCalculateAppriasal()[pri:0, instance:TestEmployeeDetails@b9afc07]" started-at="2020-12-11T12:46:27 EET" name="testCalculateAppriasal" finished-at="2020-12-11T12:46:27 EET" duration-ms="4" status="PASS">
          <reporter-output>
          </reporter-output>
        </test-method> <!-- testCalculateAppriasal -->
        <test-method signature="testCalculateYearlySalary()[pri:0, instance:TestEmployeeDetails@b9afc07]" started-at="2020-12-11T12:46:27 EET" name="testCalculateYearlySalary" finished-at="2020-12-11T12:46:27 EET" duration-ms="0" status="PASS">
          <reporter-output>
          </reporter-output>
        </test-method> <!-- testCalculateYearlySalary -->
      </class> <!-- TestEmployeeDetails -->
    </test> <!-- Command line test -->
  </suite> <!-- TestEmployeeDetails -->
</testng-results>
